src/pages/admin/ProjectManagement.tsx(112,44): error TS2345: Argument of type '{ title: string; description: string; studentId: string; studentName: string; studentEmail: string; supervisor: { id: string; name: string; }; reviewer: { id: string; name: string; } | undefined; status: any; ... 4 more ...; reportDeadline: Date; }' is not assignable to parameter of type 'CreateProjectRequest'.
  Type '{ title: string; description: string; studentId: string; studentName: string; studentEmail: string; supervisor: { id: string; name: string; }; reviewer: { id: string; name: string; } | undefined; status: any; ... 4 more ...; reportDeadline: Date; }' is missing the following properties from type 'CreateProjectRequest': topicId, supervisorId
src/pages/admin/TopicManagement.tsx(9,1): error TS6133: 'useAuth' is declared but its value is never read.
src/pages/admin/TopicManagement.tsx(47,57): error TS2345: Argument of type 'TopicFormData' is not assignable to parameter of type 'Partial<Topic>'.
  Types of property 'attachments' are incompatible.
    Type 'File[] | undefined' is not assignable to type 'TopicAttachment[] | undefined'.
      Type 'File[]' is not assignable to type 'TopicAttachment[]'.
        Type 'File' is missing the following properties from type 'TopicAttachment': id, url, uploadedAt
src/services/api/project.service.ts(2,3): error TS6133: 'collection' is declared but its value is never read.
src/services/api/project.service.ts(5,3): error TS6133: 'getDocs' is declared but its value is never read.
src/services/api/project.service.ts(6,3): error TS6133: 'addDoc' is declared but its value is never read.
src/services/api/project.service.ts(9,3): error TS6133: 'query' is declared but its value is never read.
src/services/api/project.service.ts(10,3): error TS6133: 'orderBy' is declared but its value is never read.
