src/components/admin/AnnouncementList.tsx(158,42): error TS2339: Property 'reportDeadline' does not exist on type 'Announcement'.
src/components/admin/AnnouncementList.tsx(162,29): error TS2339: Property 'defenseDate' does not exist on type 'Announcement'.
src/components/admin/AnnouncementList.tsx(166,44): error TS2339: Property 'defenseDate' does not exist on type 'Announcement'.
src/components/admin/AnnouncementList.tsx(172,27): error TS2339: Property 'attachments' does not exist on type 'Announcement'.
src/components/admin/AnnouncementList.tsx(172,55): error TS2339: Property 'attachments' does not exist on type 'Announcement'.
src/components/admin/AnnouncementList.tsx(175,31): error TS2339: Property 'attachments' does not exist on type 'Announcement'.
src/components/admin/AnnouncementList.tsx(175,48): error TS7006: Parameter 'file' implicitly has an 'any' type.
src/components/admin/AnnouncementList.tsx(192,29): error TS2339: Property 'publishedAt' does not exist on type 'Announcement'.
src/components/admin/AnnouncementList.tsx(194,51): error TS2339: Property 'publishedAt' does not exist on type 'Announcement'.
src/components/admin/AnnouncementModal.tsx(22,5): error TS2353: Object literal may only specify known properties, and 'registrationStartDate' does not exist in type 'AnnouncementFormData | (() => AnnouncementFormData)'.
src/components/admin/AnnouncementModal.tsx(35,9): error TS2353: Object literal may only specify known properties, and 'registrationStartDate' does not exist in type 'SetStateAction<AnnouncementFormData>'.
src/components/admin/AnnouncementModal.tsx(37,38): error TS2339: Property 'reportDeadline' does not exist on type 'Announcement'.
src/components/admin/AnnouncementModal.tsx(38,35): error TS2339: Property 'defenseDate' does not exist on type 'Announcement'.
src/components/admin/AnnouncementModal.tsx(131,35): error TS2551: Property 'registrationStartDate' does not exist on type 'AnnouncementFormData'. Did you mean 'registrationStart'?
src/components/admin/AnnouncementModal.tsx(142,35): error TS2551: Property 'registrationEndDate' does not exist on type 'AnnouncementFormData'. Did you mean 'registrationEnd'?
src/components/admin/AnnouncementModal.tsx(155,35): error TS2339: Property 'reportDeadline' does not exist on type 'AnnouncementFormData'.
src/components/admin/AnnouncementModal.tsx(166,35): error TS2339: Property 'defenseDate' does not exist on type 'AnnouncementFormData'.
src/components/admin/ClassModal.tsx(1,20): error TS6133: 'useEffect' is declared but its value is never read.
src/components/admin/ImportExcelModal.tsx(84,15): error TS6133: 'birthDate' is declared but its value is never read.
src/components/admin/TopicModal.tsx(13,11): error TS6133: 'currentUser' is declared but its value is never read.
src/pages/admin/AnnouncementManagement.tsx(11,10): error TS6133: 'loading' is declared but its value is never read.
src/pages/admin/ReviewerAssignment.tsx(4,17): error TS6133: 'TopicStatus' is declared but its value is never read.
src/pages/admin/ReviewerAssignment.tsx(14,10): error TS6133: 'loading' is declared but its value is never read.
